This is XeTeX, Version 3.141592653-2.6-0.999993 (MiKTeX 22.1) (preloaded format=xelatex 2023.8.22)  23 AUG 2023 20:25
entering extended mode
 \write18 enabled.
 %&-line parsing enabled.
**./main.tex
(main.tex
LaTeX2e <2023-06-01> patch level 1
L3 programming layer <2023-08-11>
(NGPLB.cls
Document Class: NGPLB 基於LaTeX Class: report and 交大論文格式

(/Users/simanglam/Library/Application Support/MiKTeX/texmfs/install/tex/latex/b
ase/report.cls
Document Class: report 2023/05/17 v1.4n Standard LaTeX document class

(/Users/simanglam/Library/Application Support/MiKTeX/texmfs/install/tex/latex/b
ase/size12.clo
File: size12.clo 2023/05/17 v1.4n Standard LaTeX file (size option)
)
\c@part=\count181
\c@chapter=\count182
\c@section=\count183
\c@subsection=\count184
\c@subsubsection=\count185
\c@paragraph=\count186
\c@subparagraph=\count187
\c@figure=\count188
\c@table=\count189
\abovecaptionskip=\skip48
\belowcaptionskip=\skip49
\bibindent=\dimen140
)
(/Users/simanglam/Desktop/mytexmf/install/tex/latex/NGPLA/trans.def)
(/Users/simanglam/Library/Application Support/MiKTeX/texmfs/install/tex/latex/t
itlesec/titlesec.sty
Package: titlesec 2021/07/05 v2.14 Sectioning titles
\ttl@box=\box51
\beforetitleunit=\skip50
\aftertitleunit=\skip51
\ttl@plus=\dimen141
\ttl@minus=\dimen142
\ttl@toksa=\toks17
\titlewidth=\dimen143
\titlewidthlast=\dimen144
\titlewidthfirst=\dimen145
)
(/Users/simanglam/Library/Application Support/MiKTeX/texmfs/install/tex/latex/t
itlesec/titletoc.sty
Package: titletoc 2021/07/05 v2.14 TOC entries
\ttl@leftsep=\dimen146
)
(/Users/simanglam/Library/Application Support/MiKTeX/texmfs/install/tex/latex/z
hnumber/zhnumber.sty
(/Users/simanglam/Library/Application Support/MiKTeX/texmfs/install/tex/latex/l
3kernel/expl3.sty
Package: expl3 2023-08-11 L3 programming layer (loader) 

(/Users/simanglam/Library/Application Support/MiKTeX/texmfs/install/tex/latex/l
3backend/l3backend-xetex.def
File: l3backend-xetex.def 2023-04-19 L3 backend support: XeTeX
\g__graphics_track_int=\count190
\l__pdf_internal_box=\box52
\g__pdf_backend_object_int=\count191
\g__pdf_backend_annotation_int=\count192
\g__pdf_backend_link_int=\count193
))
Package: zhnumber 2022/07/14 v3.0 Typesetting numbers with Chinese glyphs
\l__zhnum_scale_int=\count194
\l__zhnum_tmp_int=\count195

(/Users/simanglam/Library/Application Support/MiKTeX/texmfs/install/tex/latex/z
hnumber/zhnumber-utf8.cfg
File: zhnumber-utf8.cfg 2022/07/14 v3.0 Chinese numerals with UTF8 encoding
))
(/Users/simanglam/Library/Application Support/MiKTeX/texmfs/install/tex/latex/g
eometry/geometry.sty
Package: geometry 2020/01/02 v5.9 Page Geometry

(/Users/simanglam/Library/Application Support/MiKTeX/texmfs/install/tex/latex/g
raphics/keyval.sty
Package: keyval 2022/05/29 v1.15 key=value parser (DPC)
\KV@toks@=\toks18
)
(/Users/simanglam/Library/Application Support/MiKTeX/texmfs/install/tex/generic
/iftex/ifvtex.sty
Package: ifvtex 2019/10/25 v1.7 ifvtex legacy package. Use iftex instead.

(/Users/simanglam/Library/Application Support/MiKTeX/texmfs/install/tex/generic
/iftex/iftex.sty
Package: iftex 2022/02/03 v1.0f TeX engine tests
))
\Gm@cnth=\count196
\Gm@cntv=\count197
\c@Gm@tempcnt=\count198
\Gm@bindingoffset=\dimen147
\Gm@wd@mp=\dimen148
\Gm@odd@mp=\dimen149
\Gm@even@mp=\dimen150
\Gm@layoutwidth=\dimen151
\Gm@layoutheight=\dimen152
\Gm@layouthoffset=\dimen153
\Gm@layoutvoffset=\dimen154
\Gm@dimlist=\toks19

(/Users/simanglam/Library/Application Support/MiKTeX/texmfs/install/tex/latex/g
eometry/geometry.cfg))
(/Users/simanglam/Library/Application Support/MiKTeX/texmfs/install/tex/latex/f
ancyhdr/fancyhdr.sty
Package: fancyhdr 2022/11/09 v4.1 Extensive control of page headers and footers

\f@nch@headwidth=\skip52
\f@nch@O@elh=\skip53
\f@nch@O@erh=\skip54
\f@nch@O@olh=\skip55
\f@nch@O@orh=\skip56
\f@nch@O@elf=\skip57
\f@nch@O@erf=\skip58
\f@nch@O@olf=\skip59
\f@nch@O@orf=\skip60
)
(/Users/simanglam/Library/Application Support/MiKTeX/texmfs/install/tex/latex/x
patch/xpatch.sty
Package: xpatch 2020/03/25 v0.3a Extending etoolbox patching commands

(/Users/simanglam/Library/Application Support/MiKTeX/texmfs/install/tex/latex/l
3packages/xparse/xparse.sty
Package: xparse 2023-02-02 L3 Experimental document command parser
)
(/Users/simanglam/Library/Application Support/MiKTeX/texmfs/install/tex/latex/e
toolbox/etoolbox.sty
Package: etoolbox 2020/10/05 v2.5k e-TeX tools for LaTeX (JAW)
\etb@tempcnta=\count199
))
(/Users/simanglam/Library/Application Support/MiKTeX/texmfs/install/tex/latex/t
ocloft/tocloft.sty
Package: tocloft 2017/08/31 v2.3i parameterised ToC, etc., typesetting
Package tocloft Info: The document has chapter divisions on input line 51.
\cftparskip=\skip61
\cftbeforetoctitleskip=\skip62
\cftaftertoctitleskip=\skip63
\cftbeforepartskip=\skip64
\cftpartnumwidth=\skip65
\cftpartindent=\skip66
\cftbeforechapskip=\skip67
\cftchapindent=\skip68
\cftchapnumwidth=\skip69
\cftbeforesecskip=\skip70
\cftsecindent=\skip71
\cftsecnumwidth=\skip72
\cftbeforesubsecskip=\skip73
\cftsubsecindent=\skip74
\cftsubsecnumwidth=\skip75
\cftbeforesubsubsecskip=\skip76
\cftsubsubsecindent=\skip77
\cftsubsubsecnumwidth=\skip78
\cftbeforeparaskip=\skip79
\cftparaindent=\skip80
\cftparanumwidth=\skip81
\cftbeforesubparaskip=\skip82
\cftsubparaindent=\skip83
\cftsubparanumwidth=\skip84
\cftbeforeloftitleskip=\skip85
\cftafterloftitleskip=\skip86
\cftbeforefigskip=\skip87
\cftfigindent=\skip88
\cftfignumwidth=\skip89
\c@lofdepth=\count266
\c@lotdepth=\count267
\cftbeforelottitleskip=\skip90
\cftafterlottitleskip=\skip91
\cftbeforetabskip=\skip92
\cfttabindent=\skip93
\cfttabnumwidth=\skip94
)
(/Users/simanglam/Library/Application Support/MiKTeX/texmfs/install/tex/latex/x
color/xcolor.sty
Package: xcolor 2022/06/12 v2.14 LaTeX color extensions (UK)

(/Users/simanglam/Library/Application Support/MiKTeX/texmfs/install/tex/latex/g
raphics-cfg/color.cfg
File: color.cfg 2016/01/02 v1.6 sample color configuration
)
Package xcolor Info: Driver file: xetex.def on input line 227.

(/Users/simanglam/Library/Application Support/MiKTeX/texmfs/install/tex/latex/g
raphics-def/xetex.def
File: xetex.def 2022/09/22 v5.0n Graphics/color driver for xetex
)
(/Users/simanglam/Library/Application Support/MiKTeX/texmfs/install/tex/latex/g
raphics/mathcolor.ltx)
Package xcolor Info: Model `cmy' substituted by `cmy0' on input line 1353.
Package xcolor Info: Model `RGB' extended on input line 1369.
Package xcolor Info: Model `HTML' substituted by `rgb' on input line 1371.
Package xcolor Info: Model `Hsb' substituted by `hsb' on input line 1372.
Package xcolor Info: Model `tHsb' substituted by `hsb' on input line 1373.
Package xcolor Info: Model `HSB' substituted by `hsb' on input line 1374.
Package xcolor Info: Model `Gray' substituted by `gray' on input line 1375.
Package xcolor Info: Model `wave' substituted by `hsb' on input line 1376.
)
(/Users/simanglam/Library/Application Support/MiKTeX/texmfs/install/tex/xelatex
/xecjk/xeCJK.sty
Package: xeCJK 2022/08/05 v3.9.1 Typesetting CJK scripts with XeLaTeX

(/Users/simanglam/Library/Application Support/MiKTeX/texmfs/install/tex/latex/c
tex/ctexhook.sty
Package: ctexhook 2022/07/14 v2.5.10 Document and package hooks (CTEX)
)
(/Users/simanglam/Library/Application Support/MiKTeX/texmfs/install/tex/latex/l
3packages/xtemplate/xtemplate.sty
Package: xtemplate 2023-02-02 L3 Experimental prototype document functions
\l__xtemplate_tmp_dim=\dimen155
\l__xtemplate_tmp_int=\count268
\l__xtemplate_tmp_muskip=\muskip16
\l__xtemplate_tmp_skip=\skip95
)
\l__xeCJK_tmp_int=\count269
\l__xeCJK_tmp_box=\box53
\l__xeCJK_tmp_dim=\dimen156
\l__xeCJK_tmp_skip=\skip96
\g__xeCJK_space_factor_int=\count270
\l__xeCJK_begin_int=\count271
\l__xeCJK_end_int=\count272
\c__xeCJK_CJK_class_int=\XeTeXcharclass1
\c__xeCJK_FullLeft_class_int=\XeTeXcharclass2
\c__xeCJK_FullRight_class_int=\XeTeXcharclass3
\c__xeCJK_HalfLeft_class_int=\XeTeXcharclass4
\c__xeCJK_HalfRight_class_int=\XeTeXcharclass5
\c__xeCJK_NormalSpace_class_int=\XeTeXcharclass6
\c__xeCJK_CM_class_int=\XeTeXcharclass7
\c__xeCJK_HangulJamo_class_int=\XeTeXcharclass8
\l__xeCJK_last_skip=\skip97
\c__xeCJK_none_node=\count273
\g__xeCJK_node_int=\count274
\c__xeCJK_CJK_node_dim=\dimen157
\c__xeCJK_CJK-space_node_dim=\dimen158
\c__xeCJK_default_node_dim=\dimen159
\c__xeCJK_CJK-widow_node_dim=\dimen160
\c__xeCJK_normalspace_node_dim=\dimen161
\c__xeCJK_default-space_node_skip=\skip98
\l__xeCJK_ccglue_skip=\skip99
\l__xeCJK_ecglue_skip=\skip100
\l__xeCJK_punct_kern_skip=\skip101
\l__xeCJK_indent_box=\box54
\l__xeCJK_last_penalty_int=\count275
\l__xeCJK_last_bound_dim=\dimen162
\l__xeCJK_last_kern_dim=\dimen163
\l__xeCJK_widow_penalty_int=\count276

Package xtemplate Info: Declaring object type 'xeCJK/punctuation' taking 0
(xtemplate)             argument(s) on line 2396.

\l__xeCJK_fixed_punct_width_dim=\dimen164
\l__xeCJK_mixed_punct_width_dim=\dimen165
\l__xeCJK_middle_punct_width_dim=\dimen166
\l__xeCJK_fixed_margin_width_dim=\dimen167
\l__xeCJK_mixed_margin_width_dim=\dimen168
\l__xeCJK_middle_margin_width_dim=\dimen169
\l__xeCJK_bound_punct_width_dim=\dimen170
\l__xeCJK_bound_margin_width_dim=\dimen171
\l__xeCJK_margin_minimum_dim=\dimen172
\l__xeCJK_kerning_total_width_dim=\dimen173
\l__xeCJK_same_align_margin_dim=\dimen174
\l__xeCJK_different_align_margin_dim=\dimen175
\l__xeCJK_kerning_margin_width_dim=\dimen176
\l__xeCJK_kerning_margin_minimum_dim=\dimen177
\l__xeCJK_bound_dim=\dimen178
\l__xeCJK_reverse_bound_dim=\dimen179
\l__xeCJK_margin_dim=\dimen180
\l__xeCJK_minimum_bound_dim=\dimen181
\l__xeCJK_kerning_margin_dim=\dimen182
\g__xeCJK_family_int=\count277
\l__xeCJK_fam_int=\count278
\g__xeCJK_fam_allocation_int=\count279
\l__xeCJK_verb_case_int=\count280
\l__xeCJK_verb_exspace_skip=\skip102

(/Users/simanglam/Library/Application Support/MiKTeX/texmfs/install/tex/latex/f
ontspec/fontspec.sty
Package: fontspec 2022/01/15 v2.8a Font selection for XeLaTeX and LuaLaTeX

(/Users/simanglam/Library/Application Support/MiKTeX/texmfs/install/tex/latex/f
ontspec/fontspec-xetex.sty
Package: fontspec-xetex 2022/01/15 v2.8a Font selection for XeLaTeX and LuaLaTe
X
\l__fontspec_script_int=\count281
\l__fontspec_language_int=\count282
\l__fontspec_strnum_int=\count283
\l__fontspec_tmp_int=\count284
\l__fontspec_tmpa_int=\count285
\l__fontspec_tmpb_int=\count286
\l__fontspec_tmpc_int=\count287
\l__fontspec_em_int=\count288
\l__fontspec_emdef_int=\count289
\l__fontspec_strong_int=\count290
\l__fontspec_strongdef_int=\count291
\l__fontspec_tmpa_dim=\dimen183
\l__fontspec_tmpb_dim=\dimen184
\l__fontspec_tmpc_dim=\dimen185

(/Users/simanglam/Library/Application Support/MiKTeX/texmfs/install/tex/latex/b
ase/fontenc.sty
Package: fontenc 2021/04/29 v2.0v Standard LaTeX package
)
(/Users/simanglam/Library/Application Support/MiKTeX/texmfs/install/tex/latex/f
ontspec/fontspec.cfg)))
(/Users/simanglam/Library/Application Support/MiKTeX/texmfs/install/tex/xelatex
/xecjk/xeCJK.cfg
File: xeCJK.cfg 2022/08/05 v3.9.1 Configuration file for xeCJK package
))

Package fontspec Info: Could not resolve font "原之味黑體 TW Bold/I" (it probably
(fontspec)             doesn't exist).


Package fontspec Info: Could not resolve font "原之味黑體 TW Normal/I" (it probably
(fontspec)             doesn't exist).


Package fontspec Info: Font family '原之味黑體TWNormal(0)' created for font '原之味黑體
(fontspec)             TW Normal' with options [Script={CJK},BoldFont={原之味黑體
(fontspec)             TW Bold}].
(fontspec)              
(fontspec)              This font family consists of the following NFSS
(fontspec)             series/shapes:
(fontspec)              
(fontspec)             - 'normal' (m/n) with NFSS spec.: <->"原之味黑體 TW
(fontspec)             Normal/OT:script=hani;language=dflt;"
(fontspec)             - 'small caps'  (m/sc) with NFSS spec.: 
(fontspec)             - 'bold' (b/n) with NFSS spec.: <->"原之味黑體 TW
(fontspec)             Bold/OT:script=hani;language=dflt;"
(fontspec)             - 'bold small caps'  (b/sc) with NFSS spec.: 
(fontspec)             - 'bold italic' (b/it) with NFSS spec.: <->"原之味黑體 TW
(fontspec)             Normal/BI/OT:script=hani;language=dflt;"
(fontspec)             - 'bold italic small caps'  (b/scit) with NFSS spec.: 

)
(/Users/simanglam/Library/Application Support/MiKTeX/texmfs/install/tex/latex/p
gf/frontendlayer/tikz.sty
(/Users/simanglam/Library/Application Support/MiKTeX/texmfs/install/tex/latex/p
gf/basiclayer/pgf.sty
(/Users/simanglam/Library/Application Support/MiKTeX/texmfs/install/tex/latex/p
gf/utilities/pgfrcs.sty
(/Users/simanglam/Library/Application Support/MiKTeX/texmfs/install/tex/generic
/pgf/utilities/pgfutil-common.tex
\pgfutil@everybye=\toks20
\pgfutil@tempdima=\dimen186
\pgfutil@tempdimb=\dimen187
)
(/Users/simanglam/Library/Application Support/MiKTeX/texmfs/install/tex/generic
/pgf/utilities/pgfutil-latex.def
\pgfutil@abb=\box55
)
(/Users/simanglam/Library/Application Support/MiKTeX/texmfs/install/tex/generic
/pgf/utilities/pgfrcs.code.tex
(/Users/simanglam/Library/Application Support/MiKTeX/texmfs/install/tex/generic
/pgf/pgf.revision.tex)
Package: pgfrcs 2023-01-15 v3.1.10 (3.1.10)
))
Package: pgf 2023-01-15 v3.1.10 (3.1.10)

(/Users/simanglam/Library/Application Support/MiKTeX/texmfs/install/tex/latex/p
gf/basiclayer/pgfcore.sty
(/Users/simanglam/Library/Application Support/MiKTeX/texmfs/install/tex/latex/g
raphics/graphicx.sty
Package: graphicx 2021/09/16 v1.2d Enhanced LaTeX Graphics (DPC,SPQR)

(/Users/simanglam/Library/Application Support/MiKTeX/texmfs/install/tex/latex/g
raphics/graphics.sty
Package: graphics 2022/03/10 v1.4e Standard LaTeX Graphics (DPC,SPQR)

(/Users/simanglam/Library/Application Support/MiKTeX/texmfs/install/tex/latex/g
raphics/trig.sty
Package: trig 2021/08/11 v1.11 sin cos tan (DPC)
)
(/Users/simanglam/Library/Application Support/MiKTeX/texmfs/install/tex/latex/g
raphics-cfg/graphics.cfg
File: graphics.cfg 2016/06/04 v1.11 sample graphics configuration
)
Package graphics Info: Driver file: xetex.def on input line 107.
)
\Gin@req@height=\dimen188
\Gin@req@width=\dimen189
)
(/Users/simanglam/Library/Application Support/MiKTeX/texmfs/install/tex/latex/p
gf/systemlayer/pgfsys.sty
(/Users/simanglam/Library/Application Support/MiKTeX/texmfs/install/tex/generic
/pgf/systemlayer/pgfsys.code.tex
Package: pgfsys 2023-01-15 v3.1.10 (3.1.10)

(/Users/simanglam/Library/Application Support/MiKTeX/texmfs/install/tex/generic
/pgf/utilities/pgfkeys.code.tex
\pgfkeys@pathtoks=\toks21
\pgfkeys@temptoks=\toks22

(/Users/simanglam/Library/Application Support/MiKTeX/texmfs/install/tex/generic
/pgf/utilities/pgfkeyslibraryfiltered.code.tex
\pgfkeys@tmptoks=\toks23
))
\pgf@x=\dimen190
\pgf@y=\dimen191
\pgf@xa=\dimen192
\pgf@ya=\dimen193
\pgf@xb=\dimen194
\pgf@yb=\dimen195
\pgf@xc=\dimen196
\pgf@yc=\dimen197
\pgf@xd=\dimen198
\pgf@yd=\dimen199
\w@pgf@writea=\write3
\r@pgf@reada=\read2
\c@pgf@counta=\count292
\c@pgf@countb=\count293
\c@pgf@countc=\count294
\c@pgf@countd=\count295
\t@pgf@toka=\toks24
\t@pgf@tokb=\toks25
\t@pgf@tokc=\toks26
\pgf@sys@id@count=\count296

(/Users/simanglam/Library/Application Support/MiKTeX/texmfs/install/tex/generic
/pgf/systemlayer/pgf.cfg
File: pgf.cfg 2023-01-15 v3.1.10 (3.1.10)
)
Driver file for pgf: pgfsys-xetex.def

(/Users/simanglam/Library/Application Support/MiKTeX/texmfs/install/tex/generic
/pgf/systemlayer/pgfsys-xetex.def
File: pgfsys-xetex.def 2023-01-15 v3.1.10 (3.1.10)

(/Users/simanglam/Library/Application Support/MiKTeX/texmfs/install/tex/generic
/pgf/systemlayer/pgfsys-dvipdfmx.def
File: pgfsys-dvipdfmx.def 2023-01-15 v3.1.10 (3.1.10)

(/Users/simanglam/Library/Application Support/MiKTeX/texmfs/install/tex/generic
/pgf/systemlayer/pgfsys-common-pdf.def
File: pgfsys-common-pdf.def 2023-01-15 v3.1.10 (3.1.10)
)
\pgfsys@objnum=\count297
)))
(/Users/simanglam/Library/Application Support/MiKTeX/texmfs/install/tex/generic
/pgf/systemlayer/pgfsyssoftpath.code.tex
File: pgfsyssoftpath.code.tex 2023-01-15 v3.1.10 (3.1.10)
\pgfsyssoftpath@smallbuffer@items=\count298
\pgfsyssoftpath@bigbuffer@items=\count299
)
(/Users/simanglam/Library/Application Support/MiKTeX/texmfs/install/tex/generic
/pgf/systemlayer/pgfsysprotocol.code.tex
File: pgfsysprotocol.code.tex 2023-01-15 v3.1.10 (3.1.10)
))
(/Users/simanglam/Library/Application Support/MiKTeX/texmfs/install/tex/generic
/pgf/basiclayer/pgfcore.code.tex
Package: pgfcore 2023-01-15 v3.1.10 (3.1.10)

(/Users/simanglam/Library/Application Support/MiKTeX/texmfs/install/tex/generic
/pgf/math/pgfmath.code.tex
(/Users/simanglam/Library/Application Support/MiKTeX/texmfs/install/tex/generic
/pgf/math/pgfmathutil.code.tex)
(/Users/simanglam/Library/Application Support/MiKTeX/texmfs/install/tex/generic
/pgf/math/pgfmathparser.code.tex
\pgfmath@dimen=\dimen256
\pgfmath@count=\count300
\pgfmath@box=\box56
\pgfmath@toks=\toks27
\pgfmath@stack@operand=\toks28
\pgfmath@stack@operation=\toks29
)
(/Users/simanglam/Library/Application Support/MiKTeX/texmfs/install/tex/generic
/pgf/math/pgfmathfunctions.code.tex)
(/Users/simanglam/Library/Application Support/MiKTeX/texmfs/install/tex/generic
/pgf/math/pgfmathfunctions.basic.code.tex)
(/Users/simanglam/Library/Application Support/MiKTeX/texmfs/install/tex/generic
/pgf/math/pgfmathfunctions.trigonometric.code.tex)
(/Users/simanglam/Library/Application Support/MiKTeX/texmfs/install/tex/generic
/pgf/math/pgfmathfunctions.random.code.tex)
(/Users/simanglam/Library/Application Support/MiKTeX/texmfs/install/tex/generic
/pgf/math/pgfmathfunctions.comparison.code.tex)
(/Users/simanglam/Library/Application Support/MiKTeX/texmfs/install/tex/generic
/pgf/math/pgfmathfunctions.base.code.tex)
(/Users/simanglam/Library/Application Support/MiKTeX/texmfs/install/tex/generic
/pgf/math/pgfmathfunctions.round.code.tex)
(/Users/simanglam/Library/Application Support/MiKTeX/texmfs/install/tex/generic
/pgf/math/pgfmathfunctions.misc.code.tex)
(/Users/simanglam/Library/Application Support/MiKTeX/texmfs/install/tex/generic
/pgf/math/pgfmathfunctions.integerarithmetics.code.tex)
(/Users/simanglam/Library/Application Support/MiKTeX/texmfs/install/tex/generic
/pgf/math/pgfmathcalc.code.tex)
(/Users/simanglam/Library/Application Support/MiKTeX/texmfs/install/tex/generic
/pgf/math/pgfmathfloat.code.tex
\c@pgfmathroundto@lastzeros=\count301
))
(/Users/simanglam/Library/Application Support/MiKTeX/texmfs/install/tex/generic
/pgf/math/pgfint.code.tex)
(/Users/simanglam/Library/Application Support/MiKTeX/texmfs/install/tex/generic
/pgf/basiclayer/pgfcorepoints.code.tex
File: pgfcorepoints.code.tex 2023-01-15 v3.1.10 (3.1.10)
\pgf@picminx=\dimen257
\pgf@picmaxx=\dimen258
\pgf@picminy=\dimen259
\pgf@picmaxy=\dimen260
\pgf@pathminx=\dimen261
\pgf@pathmaxx=\dimen262
\pgf@pathminy=\dimen263
\pgf@pathmaxy=\dimen264
\pgf@xx=\dimen265
\pgf@xy=\dimen266
\pgf@yx=\dimen267
\pgf@yy=\dimen268
\pgf@zx=\dimen269
\pgf@zy=\dimen270
)
(/Users/simanglam/Library/Application Support/MiKTeX/texmfs/install/tex/generic
/pgf/basiclayer/pgfcorepathconstruct.code.tex
File: pgfcorepathconstruct.code.tex 2023-01-15 v3.1.10 (3.1.10)
\pgf@path@lastx=\dimen271
\pgf@path@lasty=\dimen272
)
(/Users/simanglam/Library/Application Support/MiKTeX/texmfs/install/tex/generic
/pgf/basiclayer/pgfcorepathusage.code.tex
File: pgfcorepathusage.code.tex 2023-01-15 v3.1.10 (3.1.10)
\pgf@shorten@end@additional=\dimen273
\pgf@shorten@start@additional=\dimen274
)
(/Users/simanglam/Library/Application Support/MiKTeX/texmfs/install/tex/generic
/pgf/basiclayer/pgfcorescopes.code.tex
File: pgfcorescopes.code.tex 2023-01-15 v3.1.10 (3.1.10)
\pgfpic=\box57
\pgf@hbox=\box58
\pgf@layerbox@main=\box59
\pgf@picture@serial@count=\count302
)
(/Users/simanglam/Library/Application Support/MiKTeX/texmfs/install/tex/generic
/pgf/basiclayer/pgfcoregraphicstate.code.tex
File: pgfcoregraphicstate.code.tex 2023-01-15 v3.1.10 (3.1.10)
\pgflinewidth=\dimen275
)
(/Users/simanglam/Library/Application Support/MiKTeX/texmfs/install/tex/generic
/pgf/basiclayer/pgfcoretransformations.code.tex
File: pgfcoretransformations.code.tex 2023-01-15 v3.1.10 (3.1.10)
\pgf@pt@x=\dimen276
\pgf@pt@y=\dimen277
\pgf@pt@temp=\dimen278
)
(/Users/simanglam/Library/Application Support/MiKTeX/texmfs/install/tex/generic
/pgf/basiclayer/pgfcorequick.code.tex
File: pgfcorequick.code.tex 2023-01-15 v3.1.10 (3.1.10)
)
(/Users/simanglam/Library/Application Support/MiKTeX/texmfs/install/tex/generic
/pgf/basiclayer/pgfcoreobjects.code.tex
File: pgfcoreobjects.code.tex 2023-01-15 v3.1.10 (3.1.10)
)
(/Users/simanglam/Library/Application Support/MiKTeX/texmfs/install/tex/generic
/pgf/basiclayer/pgfcorepathprocessing.code.tex
File: pgfcorepathprocessing.code.tex 2023-01-15 v3.1.10 (3.1.10)
)
(/Users/simanglam/Library/Application Support/MiKTeX/texmfs/install/tex/generic
/pgf/basiclayer/pgfcorearrows.code.tex
File: pgfcorearrows.code.tex 2023-01-15 v3.1.10 (3.1.10)
\pgfarrowsep=\dimen279
)
(/Users/simanglam/Library/Application Support/MiKTeX/texmfs/install/tex/generic
/pgf/basiclayer/pgfcoreshade.code.tex
File: pgfcoreshade.code.tex 2023-01-15 v3.1.10 (3.1.10)
\pgf@max=\dimen280
\pgf@sys@shading@range@num=\count303
\pgf@shadingcount=\count304
)
(/Users/simanglam/Library/Application Support/MiKTeX/texmfs/install/tex/generic
/pgf/basiclayer/pgfcoreimage.code.tex
File: pgfcoreimage.code.tex 2023-01-15 v3.1.10 (3.1.10)
)
(/Users/simanglam/Library/Application Support/MiKTeX/texmfs/install/tex/generic
/pgf/basiclayer/pgfcoreexternal.code.tex
File: pgfcoreexternal.code.tex 2023-01-15 v3.1.10 (3.1.10)
\pgfexternal@startupbox=\box60
)
(/Users/simanglam/Library/Application Support/MiKTeX/texmfs/install/tex/generic
/pgf/basiclayer/pgfcorelayers.code.tex
File: pgfcorelayers.code.tex 2023-01-15 v3.1.10 (3.1.10)
)
(/Users/simanglam/Library/Application Support/MiKTeX/texmfs/install/tex/generic
/pgf/basiclayer/pgfcoretransparency.code.tex
File: pgfcoretransparency.code.tex 2023-01-15 v3.1.10 (3.1.10)
)
(/Users/simanglam/Library/Application Support/MiKTeX/texmfs/install/tex/generic
/pgf/basiclayer/pgfcorepatterns.code.tex
File: pgfcorepatterns.code.tex 2023-01-15 v3.1.10 (3.1.10)
)
(/Users/simanglam/Library/Application Support/MiKTeX/texmfs/install/tex/generic
/pgf/basiclayer/pgfcorerdf.code.tex
File: pgfcorerdf.code.tex 2023-01-15 v3.1.10 (3.1.10)
)))
(/Users/simanglam/Library/Application Support/MiKTeX/texmfs/install/tex/generic
/pgf/modules/pgfmoduleshapes.code.tex
File: pgfmoduleshapes.code.tex 2023-01-15 v3.1.10 (3.1.10)
\pgfnodeparttextbox=\box61
)
(/Users/simanglam/Library/Application Support/MiKTeX/texmfs/install/tex/generic
/pgf/modules/pgfmoduleplot.code.tex
File: pgfmoduleplot.code.tex 2023-01-15 v3.1.10 (3.1.10)
)
(/Users/simanglam/Library/Application Support/MiKTeX/texmfs/install/tex/latex/p
gf/compatibility/pgfcomp-version-0-65.sty
Package: pgfcomp-version-0-65 2023-01-15 v3.1.10 (3.1.10)
\pgf@nodesepstart=\dimen281
\pgf@nodesepend=\dimen282
)
(/Users/simanglam/Library/Application Support/MiKTeX/texmfs/install/tex/latex/p
gf/compatibility/pgfcomp-version-1-18.sty
Package: pgfcomp-version-1-18 2023-01-15 v3.1.10 (3.1.10)
))
(/Users/simanglam/Library/Application Support/MiKTeX/texmfs/install/tex/latex/p
gf/utilities/pgffor.sty
(/Users/simanglam/Library/Application Support/MiKTeX/texmfs/install/tex/latex/p
gf/utilities/pgfkeys.sty
(/Users/simanglam/Library/Application Support/MiKTeX/texmfs/install/tex/generic
/pgf/utilities/pgfkeys.code.tex))
(/Users/simanglam/Library/Application Support/MiKTeX/texmfs/install/tex/latex/p
gf/math/pgfmath.sty
(/Users/simanglam/Library/Application Support/MiKTeX/texmfs/install/tex/generic
/pgf/math/pgfmath.code.tex))
(/Users/simanglam/Library/Application Support/MiKTeX/texmfs/install/tex/generic
/pgf/utilities/pgffor.code.tex
Package: pgffor 2023-01-15 v3.1.10 (3.1.10)
\pgffor@iter=\dimen283
\pgffor@skip=\dimen284
\pgffor@stack=\toks30
\pgffor@toks=\toks31
))
(/Users/simanglam/Library/Application Support/MiKTeX/texmfs/install/tex/generic
/pgf/frontendlayer/tikz/tikz.code.tex
Package: tikz 2023-01-15 v3.1.10 (3.1.10)

(/Users/simanglam/Library/Application Support/MiKTeX/texmfs/install/tex/generic
/pgf/libraries/pgflibraryplothandlers.code.tex
File: pgflibraryplothandlers.code.tex 2023-01-15 v3.1.10 (3.1.10)
\pgf@plot@mark@count=\count305
\pgfplotmarksize=\dimen285
)
\tikz@lastx=\dimen286
\tikz@lasty=\dimen287
\tikz@lastxsaved=\dimen288
\tikz@lastysaved=\dimen289
\tikz@lastmovetox=\dimen290
\tikz@lastmovetoy=\dimen291
\tikzleveldistance=\dimen292
\tikzsiblingdistance=\dimen293
\tikz@figbox=\box62
\tikz@figbox@bg=\box63
\tikz@tempbox=\box64
\tikz@tempbox@bg=\box65
\tikztreelevel=\count306
\tikznumberofchildren=\count307
\tikznumberofcurrentchild=\count308
\tikz@fig@count=\count309

(/Users/simanglam/Library/Application Support/MiKTeX/texmfs/install/tex/generic
/pgf/modules/pgfmodulematrix.code.tex
File: pgfmodulematrix.code.tex 2023-01-15 v3.1.10 (3.1.10)
\pgfmatrixcurrentrow=\count310
\pgfmatrixcurrentcolumn=\count311
\pgf@matrix@numberofcolumns=\count312
)
\tikz@expandcount=\count313

(/Users/simanglam/Library/Application Support/MiKTeX/texmfs/install/tex/generic
/pgf/frontendlayer/tikz/libraries/tikzlibrarytopaths.code.tex
File: tikzlibrarytopaths.code.tex 2023-01-15 v3.1.10 (3.1.10)
)))
(/Users/simanglam/Library/Application Support/MiKTeX/texmfs/install/tex/latex/t
colorbox/tcolorbox.sty
Package: tcolorbox 2023/06/19 version 6.0.4 text color boxes

(/Users/simanglam/Library/Application Support/MiKTeX/texmfs/install/tex/latex/t
ools/verbatim.sty
Package: verbatim 2022-07-02 v1.5u LaTeX2e package for verbatim enhancements
\every@verbatim=\toks32
\verbatim@line=\toks33
\verbatim@in@stream=\read3
)
(/Users/simanglam/Library/Application Support/MiKTeX/texmfs/install/tex/latex/e
nviron/environ.sty
Package: environ 2014/05/04 v0.3 A new way to define environments

(/Users/simanglam/Library/Application Support/MiKTeX/texmfs/install/tex/latex/t
rimspaces/trimspaces.sty
Package: trimspaces 2009/09/17 v1.1 Trim spaces around a token list
)
\@envbody=\toks34
)
\tcb@titlebox=\box66
\tcb@upperbox=\box67
\tcb@lowerbox=\box68
\tcb@phantombox=\box69
\c@tcbbreakpart=\count314
\c@tcblayer=\count315
\c@tcolorbox@number=\count316
\tcb@temp=\box70
\tcb@temp=\box71
\tcb@temp=\box72
\tcb@temp=\box73

(/Users/simanglam/Library/Application Support/MiKTeX/texmfs/install/tex/latex/t
colorbox/tcbraster.code.tex
Library (tcolorbox): 'tcbraster.code.tex' version '6.0.4'
\c@tcbrastercolumn=\count317
\c@tcbrasterrow=\count318
\c@tcbrasternum=\count319
\c@tcbraster=\count320
)
(/Users/simanglam/Library/Application Support/MiKTeX/texmfs/install/tex/latex/t
colorbox/tcbskins.code.tex
Library (tcolorbox): 'tcbskins.code.tex' version '6.0.4'

(/Users/simanglam/Library/Application Support/MiKTeX/texmfs/install/tex/latex/t
ikzfill/tikzfill.image.sty
Package: tikzfill.image 2023/08/08 v1.0.1 Image filling library for TikZ

(/Users/simanglam/Library/Application Support/MiKTeX/texmfs/install/tex/latex/t
ikzfill/tikzfill-common.sty
Package: tikzfill-common 2023/08/08 v1.0.1 Auxiliary code for tikzfill
)
(/Users/simanglam/Library/Application Support/MiKTeX/texmfs/install/tex/latex/t
ikzfill/tikzlibraryfill.image.code.tex
File: tikzlibraryfill.image.code.tex 2023/08/08 v1.0.1 Image filling library
\l__tikzfill_img_box=\box74
))
(/Users/simanglam/Library/Application Support/MiKTeX/texmfs/install/tex/latex/t
colorbox/tcbskinsjigsaw.code.tex
Library (tcolorbox): 'tcbskinsjigsaw.code.tex' version '6.0.4'
))
(/Users/simanglam/Library/Application Support/MiKTeX/texmfs/install/tex/latex/t
colorbox/tcbbreakable.code.tex
Library (tcolorbox): 'tcbbreakable.code.tex' version '6.0.4'

(/Users/simanglam/Library/Application Support/MiKTeX/texmfs/install/tex/latex/p
dfcol/pdfcol.sty
Package: pdfcol 2022-09-21 v1.7 Handle new color stacks for pdfTeX (HO)

(/Users/simanglam/Library/Application Support/MiKTeX/texmfs/install/tex/generic
/ltxcmds/ltxcmds.sty
Package: ltxcmds 2020-05-10 v1.25 LaTeX kernel commands for general use (HO)
)
(/Users/simanglam/Library/Application Support/MiKTeX/texmfs/install/tex/generic
/infwarerr/infwarerr.sty
Package: infwarerr 2019/12/03 v1.5 Providing info/warning/error messages (HO)
)
Package pdfcol Info: Interface disabled because of missing PDF mode of pdfTeX.
)
Package pdfcol Info: pdfTeX's color stacks are not available.
\tcb@testbox=\box75
\tcb@totalupperbox=\box76
\tcb@totallowerbox=\box77
)
(/Users/simanglam/Library/Application Support/MiKTeX/texmfs/install/tex/latex/t
colorbox/tcbhooks.code.tex
Library (tcolorbox): 'tcbhooks.code.tex' version '6.0.4'
)
(/Users/simanglam/Library/Application Support/MiKTeX/texmfs/install/tex/latex/t
colorbox/tcbtheorems.code.tex
Library (tcolorbox): 'tcbtheorems.code.tex' version '6.0.4'

(/Users/simanglam/Library/Application Support/MiKTeX/texmfs/install/tex/latex/a
msmath/amsmath.sty
Package: amsmath 2023/05/13 v2.17o AMS math features
\@mathmargin=\skip103

For additional information on amsmath, use the `?' option.

(/Users/simanglam/Library/Application Support/MiKTeX/texmfs/install/tex/latex/a
msmath/amstext.sty
Package: amstext 2021/08/26 v2.01 AMS text

(/Users/simanglam/Library/Application Support/MiKTeX/texmfs/install/tex/latex/a
msmath/amsgen.sty
File: amsgen.sty 1999/11/30 v2.0 generic functions
\@emptytoks=\toks35
\ex@=\dimen294
))
(/Users/simanglam/Library/Application Support/MiKTeX/texmfs/install/tex/latex/a
msmath/amsbsy.sty
Package: amsbsy 1999/11/29 v1.2d Bold Symbols
\pmbraise@=\dimen295
)
(/Users/simanglam/Library/Application Support/MiKTeX/texmfs/install/tex/latex/a
msmath/amsopn.sty
Package: amsopn 2022/04/08 v2.04 operator names
)
\inf@bad=\count321
LaTeX Info: Redefining \frac on input line 234.
\uproot@=\count322
\leftroot@=\count323
LaTeX Info: Redefining \overline on input line 399.
LaTeX Info: Redefining \colon on input line 410.
\classnum@=\count324
\DOTSCASE@=\count325
LaTeX Info: Redefining \ldots on input line 496.
LaTeX Info: Redefining \dots on input line 499.
LaTeX Info: Redefining \cdots on input line 620.
\Mathstrutbox@=\box78
\strutbox@=\box79
LaTeX Info: Redefining \big on input line 722.
LaTeX Info: Redefining \Big on input line 723.
LaTeX Info: Redefining \bigg on input line 724.
LaTeX Info: Redefining \Bigg on input line 725.
\big@size=\dimen296
LaTeX Font Info:    Redeclaring font encoding OML on input line 743.
LaTeX Font Info:    Redeclaring font encoding OMS on input line 744.
\macc@depth=\count326
LaTeX Info: Redefining \bmod on input line 905.
LaTeX Info: Redefining \pmod on input line 910.
LaTeX Info: Redefining \smash on input line 940.
LaTeX Info: Redefining \relbar on input line 970.
LaTeX Info: Redefining \Relbar on input line 971.
\c@MaxMatrixCols=\count327
\dotsspace@=\muskip17
\c@parentequation=\count328
\dspbrk@lvl=\count329
\tag@help=\toks36
\row@=\count330
\column@=\count331
\maxfields@=\count332
\andhelp@=\toks37
\eqnshift@=\dimen297
\alignsep@=\dimen298
\tagshift@=\dimen299
\tagwidth@=\dimen300
\totwidth@=\dimen301
\lineht@=\dimen302
\@envbody=\toks38
\multlinegap=\skip104
\multlinetaggap=\skip105
\mathdisplay@stack=\toks39
LaTeX Info: Redefining \[ on input line 2953.
LaTeX Info: Redefining \] on input line 2954.
))
(/Users/simanglam/Library/Application Support/MiKTeX/texmfs/install/tex/latex/t
colorbox/tcbfitting.code.tex
Library (tcolorbox): 'tcbfitting.code.tex' version '6.0.4'
\tcbfitdim=\dimen303
\tcb@lowerfitdim=\dimen304
\tcb@upperfitdim=\dimen305
\tcb@cur@hbadness=\count333
)
(/Users/simanglam/Library/Application Support/MiKTeX/texmfs/install/tex/latex/t
colorbox/tcblistingsutf8.code.tex
Library (tcolorbox): 'tcblistingsutf8.code.tex' version '6.0.4'

(/Users/simanglam/Library/Application Support/MiKTeX/texmfs/install/tex/latex/t
colorbox/tcblistings.code.tex
Library (tcolorbox): 'tcblistings.code.tex' version '6.0.4'

(/Users/simanglam/Library/Application Support/MiKTeX/texmfs/install/tex/latex/l
istings/listings.sty
\lst@mode=\count334
\lst@gtempboxa=\box80
\lst@token=\toks40
\lst@length=\count335
\lst@currlwidth=\dimen306
\lst@column=\count336
\lst@pos=\count337
\lst@lostspace=\dimen307
\lst@width=\dimen308
\lst@newlines=\count338
\lst@lineno=\count339
\lst@maxwidth=\dimen309

(/Users/simanglam/Library/Application Support/MiKTeX/texmfs/install/tex/latex/l
istings/lstmisc.sty
File: lstmisc.sty 2023/02/27 1.9 (Carsten Heinz)
\c@lstnumber=\count340
\lst@skipnumbers=\count341
\lst@framebox=\box81
)
(/Users/simanglam/Library/Application Support/MiKTeX/texmfs/install/tex/latex/l
istings/listings.cfg
File: listings.cfg 2023/02/27 1.9 listings configuration
))
Package: listings 2023/02/27 1.9 (Carsten Heinz)

(/Users/simanglam/Library/Application Support/MiKTeX/texmfs/install/tex/xelatex
/xecjk/xeCJK-listings.sty
Package: xeCJK-listings 2022/08/05 v3.9.1 xeCJK patch file for listings
\l__xeCJK_listings_max_char_int=\count342
\l__xeCJK_listings_flag_int=\count343
)
(/Users/simanglam/Library/Application Support/MiKTeX/texmfs/install/tex/latex/t
colorbox/tcblistingscore.code.tex
Library (tcolorbox): 'tcblistingscore.code.tex' version '6.0.4'

(/Users/simanglam/Library/Application Support/MiKTeX/texmfs/install/tex/latex/t
colorbox/tcbprocessing.code.tex
Library (tcolorbox): 'tcbprocessing.code.tex' version '6.0.4'

(/Users/simanglam/Library/Application Support/MiKTeX/texmfs/install/tex/generic
/pdftexcmds/pdftexcmds.sty
Package: pdftexcmds 2020-06-27 v0.33 Utility functions of pdfTeX for LuaTeX (HO
)
Package pdftexcmds Info: \pdf@primitive is available.
Package pdftexcmds Info: \pdf@ifprimitive is available.
Package pdftexcmds Info: \pdfdraftmode not found.
)
(/Users/simanglam/Library/Application Support/MiKTeX/texmfs/install/tex/latex/t
ools/shellesc.sty
Package: shellesc 2023/04/15 v1.0d unified shell escape interface for LaTeX
Package shellesc Info: Unrestricted shell escape enabled on input line 75.
))
\c@tcblisting=\count344
))
Package tcolorbox Info: Library `listingsutf8' is compatible with pdftex only. 
Library `listings` is loaded instead. on input line 29.
)
(/Users/simanglam/Library/Application Support/MiKTeX/texmfs/install/tex/latex/t
colorbox/tcbexternal.code.tex
Library (tcolorbox): 'tcbexternal.code.tex' version '6.0.4'
)
(/Users/simanglam/Library/Application Support/MiKTeX/texmfs/install/tex/latex/t
colorbox/tcbmagazine.code.tex
Library (tcolorbox): 'tcbmagazine.code.tex' version '6.0.4'
)
(/Users/simanglam/Library/Application Support/MiKTeX/texmfs/install/tex/latex/t
colorbox/tcbvignette.code.tex
Library (tcolorbox): 'tcbvignette.code.tex' version '6.0.4'

(/Users/simanglam/Library/Application Support/MiKTeX/texmfs/install/tex/generic
/pgf/frontendlayer/tikz/libraries/tikzlibraryfadings.code.tex
File: tikzlibraryfadings.code.tex 2023-01-15 v3.1.10 (3.1.10)

(/Users/simanglam/Library/Application Support/MiKTeX/texmfs/install/tex/generic
/pgf/libraries/pgflibraryfadings.code.tex
File: pgflibraryfadings.code.tex 2023-01-15 v3.1.10 (3.1.10)
)))
(/Users/simanglam/Library/Application Support/MiKTeX/texmfs/install/tex/latex/t
colorbox/tcbposter.code.tex
Library (tcolorbox): 'tcbposter.code.tex' version '6.0.4'
)
(/Users/simanglam/Library/Application Support/MiKTeX/texmfs/install/tex/latex/t
colorbox/tcbminted.code.tex
Library (tcolorbox): 'tcbminted.code.tex' version '6.0.4'

(/Users/simanglam/Library/Application Support/MiKTeX/texmfs/install/tex/latex/m
inted/minted.sty
Package: minted 2022/12/12 v2.7 Yet another Pygments shim for LaTeX

(/Users/simanglam/Library/Application Support/MiKTeX/texmfs/install/tex/latex/k
voptions/kvoptions.sty
Package: kvoptions 2022-06-15 v3.15 Key value format for package options (HO)

(/Users/simanglam/Library/Application Support/MiKTeX/texmfs/install/tex/latex/k
vsetkeys/kvsetkeys.sty
Package: kvsetkeys 2022-10-05 v1.19 Key value parser (HO)
))
(/Users/simanglam/Library/Application Support/MiKTeX/texmfs/install/tex/latex/f
vextra/fvextra.sty
Package: fvextra 2022/11/30 v1.5 fvextra - extensions and patches for fancyvrb

(/Users/simanglam/Library/Application Support/MiKTeX/texmfs/install/tex/latex/f
ancyvrb/fancyvrb.sty
Package: fancyvrb 2023/01/19 4.5a verbatim text (tvz,hv)
\FV@CodeLineNo=\count345
\FV@InFile=\read4
\FV@TabBox=\box82
\c@FancyVerbLine=\count346
\FV@StepNumber=\count347
\FV@OutFile=\write4
)
(/Users/simanglam/Library/Application Support/MiKTeX/texmfs/install/tex/latex/u
pquote/upquote.sty
Package: upquote 2012/04/19 v1.3 upright-quote and grave-accent glyphs in verba
tim

(/Users/simanglam/Library/Application Support/MiKTeX/texmfs/install/tex/latex/b
ase/textcomp.sty
Package: textcomp 2020/02/02 v2.0n Standard LaTeX package
))
(/Users/simanglam/Library/Application Support/MiKTeX/texmfs/install/tex/latex/l
ineno/lineno.sty
Package: lineno 2023/05/20 line numbers on paragraphs v5.3
Invalid UTF-8 byte or sequence at line 292 replaced by U+FFFD.
\linenopenalty=\count348
\output=\toks41
\linenoprevgraf=\count349
\linenumbersep=\dimen310
\linenumberwidth=\dimen311
\c@linenumber=\count350
\c@pagewiselinenumber=\count351
\c@LN@truepage=\count352
\c@internallinenumber=\count353
\c@internallinenumbers=\count354
\quotelinenumbersep=\dimen312
\bframerule=\dimen313
\bframesep=\dimen314
\bframebox=\box83
\linenoamsmath@ams@eqpen=\count355
LaTeX Info: Redefining \\ on input line 3180.
)
\c@FV@TrueTabGroupLevel=\count356
\c@FV@TrueTabCounter=\count357
\FV@TabBox@Group=\box84
\FV@TmpLength=\skip106
\c@FV@HighlightLinesStart=\count358
\c@FV@HighlightLinesStop=\count359
\FV@LoopCount=\count360
\FV@NCharsBox=\box85
\FV@BreakIndent=\dimen315
\FV@BreakIndentNChars=\count361
\FV@BreakSymbolSepLeft=\dimen316
\FV@BreakSymbolSepLeftNChars=\count362
\FV@BreakSymbolSepRight=\dimen317
\FV@BreakSymbolSepRightNChars=\count363
\FV@BreakSymbolIndentLeft=\dimen318
\FV@BreakSymbolIndentLeftNChars=\count364
\FV@BreakSymbolIndentRight=\dimen319
\FV@BreakSymbolIndentRightNChars=\count365
\c@FancyVerbLineBreakLast=\count366
\FV@LineBox=\box86
\FV@LineIndentBox=\box87
\c@FV@BreakBufferDepth=\count367
\FV@LineWidth=\dimen320
)
(/Users/simanglam/Library/Application Support/MiKTeX/texmfs/install/tex/latex/b
ase/ifthen.sty
Package: ifthen 2022/04/13 v1.1d Standard LaTeX ifthen package (DPC)
)
(/Users/simanglam/Library/Application Support/MiKTeX/texmfs/install/tex/latex/t
ools/calc.sty
Package: calc 2017/05/25 v4.3 Infix arithmetic (KKT,FJ)
\calc@Acount=\count368
\calc@Bcount=\count369
\calc@Adimen=\dimen321
\calc@Bdimen=\dimen322
\calc@Askip=\skip107
\calc@Bskip=\skip108
LaTeX Info: Redefining \setlength on input line 80.
LaTeX Info: Redefining \addtolength on input line 81.
\calc@Ccount=\count370
\calc@Cskip=\skip109
)
(/Users/simanglam/Library/Application Support/MiKTeX/texmfs/install/tex/latex/i
fplatform/ifplatform.sty
Package: ifplatform 2017/10/13 v0.4a Testing for the operating system

(/Users/simanglam/Library/Application Support/MiKTeX/texmfs/install/tex/generic
/catchfile/catchfile.sty
Package: catchfile 2019/12/09 v1.8 Catch the contents of a file (HO)

(/Users/simanglam/Library/Application Support/MiKTeX/texmfs/install/tex/generic
/etexcmds/etexcmds.sty
Package: etexcmds 2019/12/15 v1.7 Avoid name clashes with e-TeX commands (HO)
))
(/Users/simanglam/Library/Application Support/MiKTeX/texmfs/install/tex/generic
/iftex/ifluatex.sty
Package: ifluatex 2019/10/25 v1.5 ifluatex legacy package. Use iftex instead.
)
runsystem(uname -s > "main.w18")...executed.

 (main.w18)
runsystem(rm -- "main.w18")...executed.

)
(/Users/simanglam/Library/Application Support/MiKTeX/texmfs/install/tex/latex/x
string/xstring.sty
(/Users/simanglam/Library/Application Support/MiKTeX/texmfs/install/tex/generic
/xstring/xstring.tex
\integerpart=\count371
\decimalpart=\count372
)
Package: xstring 2023/01/14 v1.85 String manipulations (CT)
)
(/Users/simanglam/Library/Application Support/MiKTeX/texmfs/install/tex/latex/f
ramed/framed.sty
Package: framed 2011/10/22 v 0.96: framed or shaded text with page breaks
\OuterFrameSep=\skip110
\fb@frw=\dimen323
\fb@frh=\dimen324
\FrameRule=\dimen325
\FrameSep=\dimen326
)
(/Users/simanglam/Library/Application Support/MiKTeX/texmfs/install/tex/latex/f
loat/float.sty
Package: float 2001/11/08 v1.3d Float enhancements (AL)
\c@float@type=\count373
\float@exts=\toks42
\float@box=\box88
\@float@everytoks=\toks43
\@floatcapt=\box89
)
\minted@appexistsfile=\read5
\minted@bgbox=\box90
\minted@code=\write5
\c@minted@FancyVerbLineTemp=\count374
\c@minted@pygmentizecounter=\count375
\@float@every@listing=\toks44
\c@listing=\count376
)
runsystem(mkdir -p _minted-main)...executed.

))
(/Users/simanglam/Library/Application Support/MiKTeX/texmfs/install/tex/latex/t
ools/indentfirst.sty
Package: indentfirst 1995/11/23 v1.03 Indent first paragraph (DPC)
)
runsystem(which pygmentize && touch main.aex)...executed.

runsystem(rm main.aex)...executed.

 (main.aux)
\openout1 = `main.aux'.

LaTeX Font Info:    Checking defaults for OML/cmm/m/it on input line 21.
LaTeX Font Info:    ... okay on input line 21.
LaTeX Font Info:    Checking defaults for OMS/cmsy/m/n on input line 21.
LaTeX Font Info:    ... okay on input line 21.
LaTeX Font Info:    Checking defaults for OT1/cmr/m/n on input line 21.
LaTeX Font Info:    ... okay on input line 21.
LaTeX Font Info:    Checking defaults for T1/cmr/m/n on input line 21.
LaTeX Font Info:    ... okay on input line 21.
LaTeX Font Info:    Checking defaults for TS1/cmr/m/n on input line 21.
LaTeX Font Info:    Trying to load font information for TS1+cmr on input line 2
1.

(/Users/simanglam/Library/Application Support/MiKTeX/texmfs/install/tex/latex/b
ase/ts1cmr.fd
File: ts1cmr.fd 2023/04/13 v2.5m Standard LaTeX font definitions
)
LaTeX Font Info:    ... okay on input line 21.
LaTeX Font Info:    Checking defaults for TU/lmr/m/n on input line 21.
LaTeX Font Info:    ... okay on input line 21.
LaTeX Font Info:    Checking defaults for OMX/cmex/m/n on input line 21.
LaTeX Font Info:    ... okay on input line 21.
LaTeX Font Info:    Checking defaults for U/cmr/m/n on input line 21.
LaTeX Font Info:    ... okay on input line 21.

*geometry* driver: auto-detecting
*geometry* detected driver: xetex
*geometry* verbose mode - [ preamble ] result:
* driver: xetex
* paper: a4paper
* layout: <same size as paper>
* layoutoffset:(h,v)=(0.0pt,0.0pt)
* modes: 
* h-part:(L,W,R)=(56.9055pt, 483.69687pt, 56.9055pt)
* v-part:(T,H,B)=(56.9055pt, 731.23584pt, 56.9055pt)
* \paperwidth=597.50787pt
* \paperheight=845.04684pt
* \textwidth=483.69687pt
* \textheight=731.23584pt
* \oddsidemargin=-15.36449pt
* \evensidemargin=-15.36449pt
* \topmargin=-52.36449pt
* \headheight=12.0pt
* \headsep=25.0pt
* \topskip=12.0pt
* \footskip=30.0pt
* \marginparwidth=35.0pt
* \marginparsep=10.0pt
* \columnsep=10.0pt
* \skip\footins=10.8pt plus 4.0pt minus 2.0pt
* \hoffset=0.0pt
* \voffset=0.0pt
* \mag=1000
* \@twocolumnfalse
* \@twosidefalse
* \@mparswitchfalse
* \@reversemarginfalse
* (1in=72.27pt=25.4mm, 1cm=28.453pt)


Package fontspec Info: Adjusting the maths setup (use [no-math] to avoid
(fontspec)             this).

\symlegacymaths=\mathgroup4
LaTeX Font Info:    Overwriting symbol font `legacymaths' in version `bold'
(Font)                  OT1/cmr/m/n --> OT1/cmr/bx/n on input line 21.
LaTeX Font Info:    Redeclaring math accent \acute on input line 21.
LaTeX Font Info:    Redeclaring math accent \grave on input line 21.
LaTeX Font Info:    Redeclaring math accent \ddot on input line 21.
LaTeX Font Info:    Redeclaring math accent \tilde on input line 21.
LaTeX Font Info:    Redeclaring math accent \bar on input line 21.
LaTeX Font Info:    Redeclaring math accent \breve on input line 21.
LaTeX Font Info:    Redeclaring math accent \check on input line 21.
LaTeX Font Info:    Redeclaring math accent \hat on input line 21.
LaTeX Font Info:    Redeclaring math accent \dot on input line 21.
LaTeX Font Info:    Redeclaring math accent \mathring on input line 21.
LaTeX Font Info:    Redeclaring math symbol \Gamma on input line 21.
LaTeX Font Info:    Redeclaring math symbol \Delta on input line 21.
LaTeX Font Info:    Redeclaring math symbol \Theta on input line 21.
LaTeX Font Info:    Redeclaring math symbol \Lambda on input line 21.
LaTeX Font Info:    Redeclaring math symbol \Xi on input line 21.
LaTeX Font Info:    Redeclaring math symbol \Pi on input line 21.
LaTeX Font Info:    Redeclaring math symbol \Sigma on input line 21.
LaTeX Font Info:    Redeclaring math symbol \Upsilon on input line 21.
LaTeX Font Info:    Redeclaring math symbol \Phi on input line 21.
LaTeX Font Info:    Redeclaring math symbol \Psi on input line 21.
LaTeX Font Info:    Redeclaring math symbol \Omega on input line 21.
LaTeX Font Info:    Redeclaring math symbol \mathdollar on input line 21.
LaTeX Font Info:    Redeclaring symbol font `operators' on input line 21.
LaTeX Font Info:    Encoding `OT1' has changed to `TU' for symbol font
(Font)              `operators' in the math version `normal' on input line 21.
LaTeX Font Info:    Overwriting symbol font `operators' in version `normal'
(Font)                  OT1/cmr/m/n --> TU/lmr/m/n on input line 21.
LaTeX Font Info:    Encoding `OT1' has changed to `TU' for symbol font
(Font)              `operators' in the math version `bold' on input line 21.
LaTeX Font Info:    Overwriting symbol font `operators' in version `bold'
(Font)                  OT1/cmr/bx/n --> TU/lmr/m/n on input line 21.
LaTeX Font Info:    Overwriting symbol font `operators' in version `normal'
(Font)                  TU/lmr/m/n --> TU/lmr/m/n on input line 21.
LaTeX Font Info:    Overwriting math alphabet `\mathit' in version `normal'
(Font)                  OT1/cmr/m/it --> TU/lmr/m/it on input line 21.
LaTeX Font Info:    Overwriting math alphabet `\mathbf' in version `normal'
(Font)                  OT1/cmr/bx/n --> TU/lmr/b/n on input line 21.
LaTeX Font Info:    Overwriting math alphabet `\mathsf' in version `normal'
(Font)                  OT1/cmss/m/n --> TU/lmss/m/n on input line 21.
LaTeX Font Info:    Overwriting math alphabet `\mathtt' in version `normal'
(Font)                  OT1/cmtt/m/n --> TU/lmtt/m/n on input line 21.
LaTeX Font Info:    Overwriting symbol font `operators' in version `bold'
(Font)                  TU/lmr/m/n --> TU/lmr/b/n on input line 21.
LaTeX Font Info:    Overwriting math alphabet `\mathit' in version `bold'
(Font)                  OT1/cmr/bx/it --> TU/lmr/b/it on input line 21.
LaTeX Font Info:    Overwriting math alphabet `\mathsf' in version `bold'
(Font)                  OT1/cmss/bx/n --> TU/lmss/b/n on input line 21.
LaTeX Font Info:    Overwriting math alphabet `\mathtt' in version `bold'
(Font)                  OT1/cmtt/m/n --> TU/lmtt/b/n on input line 21.
\c@lstlisting=\count377
[1

]
Chapter 一.
Chapter 二.
[1]
\tcb@out=\write6
\openout6 = `main.listing'.

 (_minted-main/default.pygstyle)
(_minted-main/FCE2CE090617533DAFAA5A75E633CCDC7D23D4B028CE5C2AF28189F92334B1D9.
pygtex

Package xeCJK Warning: Unknown CJK family `\CJKttdefault' is being ignored.
(xeCJK)                
(xeCJK)                Try to use `\setCJKmonofont[<...>]{<...>}' to define
(xeCJK)                it.

LaTeX Font Info:    Font shape `TU/lmtt/bx/n' in size <10.95> not available
(Font)              Font shape `TU/lmtt/b/n' tried instead on input line 2.
)
\openout6 = `main.listing'.


(_minted-main/3FFBCAED46733345783733D9B4C33FB17D23D4B028CE5C2AF28189F92334B1D9.
pygtex) [2]
Chapter 三.
\openout6 = `main.listing'.


(_minted-main/549D6F4DCF8F9DB3304685FEE76E08687D23D4B028CE5C2AF28189F92334B1D9.
pygtex)
\openout6 = `main.listing'.


(_minted-main/1658345B4D0E3482D70834E115CAAD397D23D4B028CE5C2AF28189F92334B1D9.
pygtex)
\openout6 = `main.listing'.


(_minted-main/D09A925E047E6676E7AD0F4887BD19F37D23D4B028CE5C2AF28189F92334B1D9.
pygtex) [3]
\openout6 = `main.listing'.


(_minted-main/67F6D6E9F27AF0D212E11342E8C7D76D7D23D4B028CE5C2AF28189F92334B1D9.
pygtex)
\openout6 = `main.listing'.


(_minted-main/95982AB9626048DDA78066EB70256D167D23D4B028CE5C2AF28189F92334B1D9.
pygtex) [4]
Chapter 四.
\openout6 = `main.listing'.


(_minted-main/3F3A0D8B007806FED654158B43AD0E227D23D4B028CE5C2AF28189F92334B1D9.
pygtex)
\openout6 = `main.listing'.

runsystem(which python3 && touch main.aex)...executed.

runsystem(rm main.aex)...executed.

runsystem(python3 -c "import sys; import os; import textwrap; from io import op
en; fname = os.path.expanduser(os.path.expandvars(\"main.listing\")); f = open(
fname, \"r\", encoding=\"UTF8\") if os.path.isfile(fname) else None; t = f.read
lines() if f is not None else None; t_opt = t if t is not None else []; f.close
() if f is not None else None; tmpfname = os.path.expanduser(os.path.expandvars
(\"main.pyg\")); f = open(tmpfname, \"w\", encoding=\"UTF8\") if t is not None 
else None; fvstartnum = 0; fvstopnum = -1; s = max(0, fvstartnum-1); e = max(s,
 fvstopnum) if fvstopnum > 0 else len(t_opt); [f.write(textwrap.dedent(\"\".joi
n(x))) for x in (t_opt[0:s], t_opt[s:e], t_opt[e:]) if x and t is not None]; f.
close() if t is not None else os.remove(tmpfname);")...executed.

runsystem(pygmentize -l 'latex' -f latex -P commandprefix=PYG -F tokenmerge -P 
stripnl='False' -o _minted-main/6F24EA30CA00F553B31446FB6C6C1C887D23D4B028CE5C2
AF28189F92334B1D9.pygtex main.pyg)...executed.


(_minted-main/6F24EA30CA00F553B31446FB6C6C1C887D23D4B028CE5C2AF28189F92334B1D9.
pygtex) [5]
\openout6 = `main.listing'.


(_minted-main/9674C7115A613873CC51462BCD98BA9E7D23D4B028CE5C2AF28189F92334B1D9.
pygtex)
\openout6 = `main.listing'.


(_minted-main/EB26EF3013C65EE865D9595BC15811C37D23D4B028CE5C2AF28189F92334B1D9.
pygtex)
\openout6 = `main.listing'.


(_minted-main/C8873B0EAAD758A77BB29081428C60F37D23D4B028CE5C2AF28189F92334B1D9.
pygtex)
runsystem(rm _minted-main/78E43CEF87CDDE427643612E4877B7D47D23D4B028CE5C2AF2818
9F92334B1D9.pygtex)...executed.

 [6] (main.aux)
 ***********
LaTeX2e <2023-06-01> patch level 1
L3 programming layer <2022/08/05>
 ***********
runsystem(rm main.pyg)...executed.

 ) 
Here is how much of TeX's memory you used:
 29269 strings out of 410635
 702503 string characters out of 5787609
 1939885 words of memory out of 5000000
 49860 multiletter control sequences out of 15000+600000
 563836 words of font info for 82 fonts, out of 8000000 for 9000
 1348 hyphenation exceptions out of 8191
 102i,11n,107p,567b,1066s stack positions out of 10000i,1000n,20000p,200000b,200000s

Output written on main.pdf (7 pages).
